Using pre-set license
Built from '2020.3/staging' branch; Version is '2020.3.26f1 (7298b473bc1a) revision 7510196'; Using compiler version '192528614'; Build Type 'Release'
OS: 'Windows 10  (10.0.19044) 64bit Core' Language: 'en' Physical Memory: 16221 MB
BatchMode: 1, IsHumanControllingUs: 0, StartBugReporterOnCrash: 0, Is64bit: 1, IsPro: 0

COMMAND LINE ARGUMENTS:
C:\Program Files\Unity\Hub\Editor\2020.3.26f1\Editor\Unity.exe
-adb2
-batchMode
-noUpm
-name
AssetImportWorker0
-projectPath
C:/Users/Sound/Documents/CAP4053GameAI/SpaceAces
-logFile
Logs/AssetImportWorker0.log
-srvPort
56127
Successfully changed project path to: C:/Users/Sound/Documents/CAP4053GameAI/SpaceAces
C:/Users/Sound/Documents/CAP4053GameAI/SpaceAces
Using Asset Import Pipeline V2.
Refreshing native plugins compatible for Editor in 113.60 ms, found 2 plugins.
Preloading 0 native plugins for Editor in 0.00 ms.
Initialize engine version: 2020.3.26f1 (7298b473bc1a)
[Subsystems] Discovering subsystems at path C:/Program Files/Unity/Hub/Editor/2020.3.26f1/Editor/Data/Resources/UnitySubsystems
[Subsystems] Discovering subsystems at path C:/Users/Sound/Documents/CAP4053GameAI/SpaceAces/Assets
GfxDevice: creating device client; threaded=0
Direct3D:
    Version:  Direct3D 11.0 [level 11.1]
    Renderer: NVIDIA GeForce RTX 2060 (ID=0x1f15)
    Vendor:   
    VRAM:     5980 MB
    Driver:   30.0.14.9613
Initialize mono
Mono path[0] = 'C:/Program Files/Unity/Hub/Editor/2020.3.26f1/Editor/Data/Managed'
Mono path[1] = 'C:/Program Files/Unity/Hub/Editor/2020.3.26f1/Editor/Data/MonoBleedingEdge/lib/mono/unityjit'
Mono config path = 'C:/Program Files/Unity/Hub/Editor/2020.3.26f1/Editor/Data/MonoBleedingEdge/etc'
Using monoOptions --debugger-agent=transport=dt_socket,embedding=1,server=y,suspend=n,address=127.0.0.1:56176
Begin MonoManager ReloadAssembly
Registering precompiled unity dll's ...
Register platform support module: C:/Program Files/Unity/Hub/Editor/2020.3.26f1/Editor/Data/PlaybackEngines/WindowsStandaloneSupport/UnityEditor.WindowsStandalone.Extensions.dll
Registered in 0.009744 seconds.
Native extension for WindowsStandalone target not found
Refreshing native plugins compatible for Editor in 125.16 ms, found 2 plugins.
Preloading 0 native plugins for Editor in 0.00 ms.
Mono: successfully reloaded assembly
- Completed reload, in  2.085 seconds
Domain Reload Profiling:
	ReloadAssembly (2085ms)
		BeginReloadAssembly (168ms)
			ExecutionOrderSort (0ms)
			DisableScriptedObjects (0ms)
			BackupInstance (0ms)
			ReleaseScriptingObjects (0ms)
			CreateAndSetChildDomain (2ms)
		EndReloadAssembly (1554ms)
			LoadAssemblies (165ms)
			RebuildTransferFunctionScriptingTraits (0ms)
			SetupTypeCache (499ms)
			ReleaseScriptCaches (0ms)
			RebuildScriptCaches (131ms)
			SetupLoadedEditorAssemblies (486ms)
				LogAssemblyErrors (0ms)
				InitializePlatformSupportModulesInManaged (16ms)
				SetLoadedEditorAssemblies (1ms)
				RefreshPlugins (125ms)
				BeforeProcessingInitializeOnLoad (33ms)
				ProcessInitializeOnLoadAttributes (238ms)
				ProcessInitializeOnLoadMethodAttributes (72ms)
				AfterProcessingInitializeOnLoad (0ms)
				EditorAssembliesLoaded (0ms)
			ExecutionOrderSort2 (0ms)
			AwakeInstancesAfterBackupRestoration (0ms)
Platform modules already initialized, skipping
Registering precompiled user dll's ...
Registered in 0.017645 seconds.
Begin MonoManager ReloadAssembly
Symbol file data-000001E476268020 doesn't match image C:\Users\Sound\Documents\CAP4053GameAI\SpaceAces\Library\ScriptAssemblies\Assembly-CSharp.dll
Symbol file LoadedFromMemory is not a mono symbol file
Symbol file data-000001E475F593F0 doesn't match image C:\Users\Sound\Documents\CAP4053GameAI\SpaceAces\Library\ScriptAssemblies\Unity.Services.Core.Editor.dll
Symbol file LoadedFromMemory is not a mono symbol file
Symbol file data-000001E47BC45230 doesn't match image C:\Users\Sound\Documents\CAP4053GameAI\SpaceAces\Library\ScriptAssemblies\Unity.VSCode.Editor.dll
Symbol file LoadedFromMemory is not a mono symbol file
Symbol file data-000001E4766E8020 doesn't match image C:\Users\Sound\Documents\CAP4053GameAI\SpaceAces\Library\ScriptAssemblies\Unity.TextMeshPro.Editor.dll
Symbol file LoadedFromMemory is not a mono symbol file
Symbol file data-000001E475F593F0 doesn't match image C:\Users\Sound\Documents\CAP4053GameAI\SpaceAces\Library\ScriptAssemblies\Unity.VisualStudio.Editor.dll
Symbol file LoadedFromMemory is not a mono symbol file
Symbol file data-000001E475DA8820 doesn't match image C:\Users\Sound\Documents\CAP4053GameAI\SpaceAces\Library\ScriptAssemblies\UnityEngine.TestRunner.dll
Symbol file LoadedFromMemory is not a mono symbol file
Symbol file data-000001E47AB22020 doesn't match image C:\Users\Sound\Documents\CAP4053GameAI\SpaceAces\Library\ScriptAssemblies\Unity.Timeline.Editor.dll
Symbol file LoadedFromMemory is not a mono symbol file
Symbol file data-000001E47B9F97B0 doesn't match image C:\Users\Sound\Documents\CAP4053GameAI\SpaceAces\Library\ScriptAssemblies\Unity.Timeline.dll
Symbol file LoadedFromMemory is not a mono symbol file
Symbol file data-000001E47ADA1020 doesn't match image C:\Users\Sound\Documents\CAP4053GameAI\SpaceAces\Library\ScriptAssemblies\Unity.TextMeshPro.dll
Symbol file LoadedFromMemory is not a mono symbol file
Symbol file data-000001E47B3AFE40 doesn't match image C:\Users\Sound\Documents\CAP4053GameAI\SpaceAces\Library\ScriptAssemblies\Unity.CollabProxy.Editor.dll
Symbol file LoadedFromMemory is not a mono symbol file
Symbol file data-000001E47ACA0230 doesn't match image C:\Users\Sound\Documents\CAP4053GameAI\SpaceAces\Library\ScriptAssemblies\UnityEditor.TestRunner.dll
Symbol file LoadedFromMemory is not a mono symbol file
Symbol file data-000001E475F593F0 doesn't match image C:\Users\Sound\Documents\CAP4053GameAI\SpaceAces\Library\ScriptAssemblies\UnityEditor.UI.dll
Symbol file LoadedFromMemory is not a mono symbol file
Symbol file data-000001E475F593F0 doesn't match image C:\Users\Sound\Documents\CAP4053GameAI\SpaceAces\Library\ScriptAssemblies\Unity.Rider.Editor.dll
Symbol file LoadedFromMemory is not a mono symbol file
Symbol file data-000001E47B9F97B0 doesn't match image C:\Users\Sound\Documents\CAP4053GameAI\SpaceAces\Library\ScriptAssemblies\UnityEngine.UI.dll
Symbol file LoadedFromMemory is not a mono symbol file
Symbol file data-000001E47ACC6020 doesn't match image C:\Users\Sound\Documents\CAP4053GameAI\SpaceAces\Library\ScriptAssemblies\Unity.PlasticSCM.Editor.dll
Symbol file LoadedFromMemory is not a mono symbol file
Native extension for WindowsStandalone target not found
Refreshing native plugins compatible for Editor in 119.43 ms, found 2 plugins.
Preloading 0 native plugins for Editor in 0.00 ms.
Mono: successfully reloaded assembly
- Completed reload, in  3.584 seconds
Domain Reload Profiling:
	ReloadAssembly (3586ms)
		BeginReloadAssembly (433ms)
			ExecutionOrderSort (0ms)
			DisableScriptedObjects (20ms)
			BackupInstance (0ms)
			ReleaseScriptingObjects (0ms)
			CreateAndSetChildDomain (44ms)
		EndReloadAssembly (2941ms)
			LoadAssemblies (264ms)
			RebuildTransferFunctionScriptingTraits (0ms)
			SetupTypeCache (838ms)
			ReleaseScriptCaches (1ms)
			RebuildScriptCaches (182ms)
			SetupLoadedEditorAssemblies (1258ms)
				LogAssemblyErrors (0ms)
				InitializePlatformSupportModulesInManaged (12ms)
				SetLoadedEditorAssemblies (1ms)
				RefreshPlugins (120ms)
				BeforeProcessingInitializeOnLoad (165ms)
				ProcessInitializeOnLoadAttributes (885ms)
				ProcessInitializeOnLoadMethodAttributes (48ms)
				AfterProcessingInitializeOnLoad (27ms)
				EditorAssembliesLoaded (1ms)
			ExecutionOrderSort2 (0ms)
			AwakeInstancesAfterBackupRestoration (23ms)
Platform modules already initialized, skipping
========================================================================
Worker process is ready to serve import requests
Launched and connected shader compiler UnityShaderCompiler.exe after 0.18 seconds
Refreshing native plugins compatible for Editor in 1.21 ms, found 2 plugins.
Preloading 0 native plugins for Editor in 0.00 ms.
Unloading 1844 Unused Serialized files (Serialized files now loaded: 0)
System memory in use before: 81.5 MB.
System memory in use after: 81.5 MB.

Unloading 22 unused Assets to reduce memory usage. Loaded Objects now: 2278.
Total: 10.623500 ms (FindLiveObjects: 0.433500 ms CreateObjectMapping: 0.280000 ms MarkObjects: 9.495300 ms  DeleteObjects: 0.410900 ms)

AssetImportParameters requested are different than current active one (requested -> active):
  custom:framework-win-MediaFoundation: 216162199b28c13a410421893ffa2e32 -> 
  custom:video-decoder-ogg-theora: a1e56fd34408186e4bbccfd4996cb3dc -> 
  custom:container-muxer-webm: aa71ff27fc2769a1b78a27578f13a17b -> 
  custom:container-demuxer-webm: 4f35f7cbe854078d1ac9338744f61a02 -> 
  custom:container-demuxer-ogg: 62fdf1f143b41e24485cea50d1cbac27 -> 
  custom:video-encoder-webm-vp8: eb34c28f22e8b96e1ab97ce403110664 -> 
  custom:video-decoder-webm-vp8: 9c59270c3fd7afecdb556c50c9e8de78 -> 
  custom:audio-decoder-ogg-vorbis: bf7c407c2cedff20999df2af8eb42d56 -> 
  custom:audio-encoder-webm-vorbis: bf7c407c2cedff20999df2af8eb42d56 -> 
========================================================================
Received Import Request.
  path: Assets/Free Skyboxes - Space/SBS Space 1/SBS Space 1.asset
  artifactKey: Guid(7543a125dc85ebd4d9c70ab77162e656) Importer(815301076,1909f56bfc062723c751e8b465ee728b)
Start importing Assets/Free Skyboxes - Space/SBS Space 1/SBS Space 1.asset using Guid(7543a125dc85ebd4d9c70ab77162e656) Importer(815301076,1909f56bfc062723c751e8b465ee728b)  -> (artifact id: 'd766ff9d79f27c12e765642d64b03073') in 0.119686 seconds 
  Import took 0.134846 seconds .

========================================================================
Received Import Request.
  Time since last request: 0.000710 seconds.
  path: Assets/Free Skyboxes - Space/SBS Space 1
  artifactKey: Guid(1af85022482ca5b4289d4b39c850aa26) Importer(815301076,1909f56bfc062723c751e8b465ee728b)
Start importing Assets/Free Skyboxes - Space/SBS Space 1 using Guid(1af85022482ca5b4289d4b39c850aa26) Importer(815301076,1909f56bfc062723c751e8b465ee728b)  -> (artifact id: 'db36948f75076dea1dfef58430137cc4') in 0.009288 seconds 
  Import took 0.021584 seconds .

========================================================================
Received Import Request.
  Time since last request: 0.000723 seconds.
  path: Assets/Free Skyboxes - Space
  artifactKey: Guid(d72939cd4c1caf2469c0da718fb8afb5) Importer(815301076,1909f56bfc062723c751e8b465ee728b)
Start importing Assets/Free Skyboxes - Space using Guid(d72939cd4c1caf2469c0da718fb8afb5) Importer(815301076,1909f56bfc062723c751e8b465ee728b)  -> (artifact id: 'dd572794941b84c91c5b4a19beb980cc') in 0.026311 seconds 
  Import took 0.036628 seconds .

========================================================================
Received Import Request.
  Time since last request: 11.214718 seconds.
  path: Assets/HiRezSpaceshipsCreatorFree/Readme.txt
  artifactKey: Guid(c83ea7f0496c84c4fb4019baa55a5b7f) Importer(815301076,1909f56bfc062723c751e8b465ee728b)
Start importing Assets/HiRezSpaceshipsCreatorFree/Readme.txt using Guid(c83ea7f0496c84c4fb4019baa55a5b7f) Importer(815301076,1909f56bfc062723c751e8b465ee728b)  -> (artifact id: 'c7217b078d5a44d17e92a3f2d0c00330') in 0.099561 seconds 
  Import took 0.111978 seconds .

========================================================================
Received Import Request.
  Time since last request: 14.564597 seconds.
  path: Assets/HiRezSpaceshipsCreatorFree/Prefabs/Modules
  artifactKey: Guid(cacd38c1f7665d64e9c93628dab19bc3) Importer(815301076,1909f56bfc062723c751e8b465ee728b)
Start importing Assets/HiRezSpaceshipsCreatorFree/Prefabs/Modules using Guid(cacd38c1f7665d64e9c93628dab19bc3) Importer(815301076,1909f56bfc062723c751e8b465ee728b)  -> (artifact id: '6b2325a7702044ce03987d19c99c9404') in 0.023552 seconds 
  Import took 0.035556 seconds .

========================================================================
Received Import Request.
  Time since last request: 0.147701 seconds.
  path: Assets/HiRezSpaceshipsCreatorFree/Prefabs/Modules/Big_Launcher.prefab
  artifactKey: Guid(f90b6d79d3a03de42a5c6e13911b860e) Importer(815301076,1909f56bfc062723c751e8b465ee728b)
Start importing Assets/HiRezSpaceshipsCreatorFree/Prefabs/Modules/Big_Launcher.prefab using Guid(f90b6d79d3a03de42a5c6e13911b860e) Importer(815301076,1909f56bfc062723c751e8b465ee728b)  -> (artifact id: '53b16edf3da5aa3cc4c9b6084718749c') in 0.321440 seconds 
  Import took 0.329698 seconds .

========================================================================
Received Import Request.
  Time since last request: 0.000543 seconds.
  path: Assets/HiRezSpaceshipsCreatorFree/Prefabs/Modules/Wing6.prefab
  artifactKey: Guid(6b60ceeabc86a6e43a7a918dbbcab26b) Importer(815301076,1909f56bfc062723c751e8b465ee728b)
Start importing Assets/HiRezSpaceshipsCreatorFree/Prefabs/Modules/Wing6.prefab using Guid(6b60ceeabc86a6e43a7a918dbbcab26b) Importer(815301076,1909f56bfc062723c751e8b465ee728b)  -> (artifact id: '108296cab33b5ba289a93b11fb97cc18') in 0.054427 seconds 
  Import took 0.061792 seconds .

========================================================================
Received Import Request.
  Time since last request: 0.000520 seconds.
  path: Assets/HiRezSpaceshipsCreatorFree/Prefabs/Modules/Wing2_Mirrored.prefab
  artifactKey: Guid(7fe074f22a922d346abeef0a74266e0d) Importer(815301076,1909f56bfc062723c751e8b465ee728b)
Start importing Assets/HiRezSpaceshipsCreatorFree/Prefabs/Modules/Wing2_Mirrored.prefab using Guid(7fe074f22a922d346abeef0a74266e0d) Importer(815301076,1909f56bfc062723c751e8b465ee728b)  -> (artifact id: '06484a76241aeec2e006d150e12c0aa8') in 0.048626 seconds 
  Import took 0.056550 seconds .

========================================================================
Received Import Request.
  Time since last request: 0.000563 seconds.
  path: Assets/HiRezSpaceshipsCreatorFree/Prefabs/Modules/Engine1.prefab
  artifactKey: Guid(46b44d60b1f0369449bf47d8ef9e2fc3) Importer(815301076,1909f56bfc062723c751e8b465ee728b)
Start importing Assets/HiRezSpaceshipsCreatorFree/Prefabs/Modules/Engine1.prefab using Guid(46b44d60b1f0369449bf47d8ef9e2fc3) Importer(815301076,1909f56bfc062723c751e8b465ee728b)  -> (artifact id: '04193a528fb6c924cf2ba1f03909693d') in 0.090070 seconds 
  Import took 0.099228 seconds .

========================================================================
Received Import Request.
  Time since last request: 0.000528 seconds.
  path: Assets/HiRezSpaceshipsCreatorFree/Prefabs/Modules/MainBody13_Mirrored.prefab
  artifactKey: Guid(ae8be24f5c456934ab1808e9cec2c8ef) Importer(815301076,1909f56bfc062723c751e8b465ee728b)
Start importing Assets/HiRezSpaceshipsCreatorFree/Prefabs/Modules/MainBody13_Mirrored.prefab using Guid(ae8be24f5c456934ab1808e9cec2c8ef) Importer(815301076,1909f56bfc062723c751e8b465ee728b)  -> (artifact id: '943c37faef5d73def1b178a54065c729') in 0.045953 seconds 
  Import took 0.054823 seconds .

========================================================================
Received Import Request.
  Time since last request: 0.000626 seconds.
  path: Assets/HiRezSpaceshipsCreatorFree/Prefabs/Modules/MainBody13.prefab
  artifactKey: Guid(16db349a6a34d1842aa7dae341465efe) Importer(815301076,1909f56bfc062723c751e8b465ee728b)
Start importing Assets/HiRezSpaceshipsCreatorFree/Prefabs/Modules/MainBody13.prefab using Guid(16db349a6a34d1842aa7dae341465efe) Importer(815301076,1909f56bfc062723c751e8b465ee728b)  -> (artifact id: '3492ca093f030ae13301a6e33e6aa9d0') in 0.045883 seconds 
  Import took 0.054202 seconds .

========================================================================
Received Import Request.
  Time since last request: 0.000457 seconds.
  path: Assets/HiRezSpaceshipsCreatorFree/Prefabs/Modules/MainBody2.prefab
  artifactKey: Guid(1202b1e73ba4e0d468ce4000e6509541) Importer(815301076,1909f56bfc062723c751e8b465ee728b)
Start importing Assets/HiRezSpaceshipsCreatorFree/Prefabs/Modules/MainBody2.prefab using Guid(1202b1e73ba4e0d468ce4000e6509541) Importer(815301076,1909f56bfc062723c751e8b465ee728b)  -> (artifact id: '101dec0a9646f710339a686fda1d892f') in 0.045705 seconds 
  Import took 0.053198 seconds .

========================================================================
Received Import Request.
  Time since last request: 0.000541 seconds.
  path: Assets/HiRezSpaceshipsCreatorFree/Prefabs/Modules/Wing2.prefab
  artifactKey: Guid(ebec0dbd42c377149abd20c9507cb70f) Importer(815301076,1909f56bfc062723c751e8b465ee728b)
Start importing Assets/HiRezSpaceshipsCreatorFree/Prefabs/Modules/Wing2.prefab using Guid(ebec0dbd42c377149abd20c9507cb70f) Importer(815301076,1909f56bfc062723c751e8b465ee728b)  -> (artifact id: '269e6b8c0776a576c871212f59290981') in 0.046928 seconds 
  Import took 0.055267 seconds .

========================================================================
Received Import Request.
  Time since last request: 0.000572 seconds.
  path: Assets/HiRezSpaceshipsCreatorFree/Prefabs/Modules/Wing6_Mirrored.prefab
  artifactKey: Guid(7295c3dc82e51b94d851c7608de0fe8c) Importer(815301076,1909f56bfc062723c751e8b465ee728b)
Start importing Assets/HiRezSpaceshipsCreatorFree/Prefabs/Modules/Wing6_Mirrored.prefab using Guid(7295c3dc82e51b94d851c7608de0fe8c) Importer(815301076,1909f56bfc062723c751e8b465ee728b)  -> (artifact id: '6ecf8963fc0db7b56ec41209c113e361') in 0.053184 seconds 
  Import took 0.061776 seconds .

========================================================================
Received Import Request.
  Time since last request: 0.000533 seconds.
  path: Assets/HiRezSpaceshipsCreatorFree/Prefabs/Modules/Cockpit3_WithInterior.prefab
  artifactKey: Guid(54e1b562c3fea284f8a0ec8cdc70057c) Importer(815301076,1909f56bfc062723c751e8b465ee728b)
Start importing Assets/HiRezSpaceshipsCreatorFree/Prefabs/Modules/Cockpit3_WithInterior.prefab using Guid(54e1b562c3fea284f8a0ec8cdc70057c) Importer(815301076,1909f56bfc062723c751e8b465ee728b)  -> (artifact id: 'df8b637257561ac2c508bcfa99154aeb') in 0.125898 seconds 
  Import took 0.142597 seconds .

========================================================================
Received Import Request.
  Time since last request: 0.000488 seconds.
  path: Assets/HiRezSpaceshipsCreatorFree/Prefabs/Modules/Cockpit3_WithoutInterior.prefab
  artifactKey: Guid(9e7f9a051631c1c4c8eaa31eb406ff68) Importer(815301076,1909f56bfc062723c751e8b465ee728b)
Start importing Assets/HiRezSpaceshipsCreatorFree/Prefabs/Modules/Cockpit3_WithoutInterior.prefab using Guid(9e7f9a051631c1c4c8eaa31eb406ff68) Importer(815301076,1909f56bfc062723c751e8b465ee728b)  -> (artifact id: '48f66e46b7480f920fc431e8d00c7398') in 0.051117 seconds 
  Import took 0.060086 seconds .

========================================================================
Received Import Request.
  Time since last request: 0.000555 seconds.
  path: Assets/HiRezSpaceshipsCreatorFree/Prefabs/Modules/Blaster.prefab
  artifactKey: Guid(b6362f50ca5d7b145ba56bc6c23080ee) Importer(815301076,1909f56bfc062723c751e8b465ee728b)
Start importing Assets/HiRezSpaceshipsCreatorFree/Prefabs/Modules/Blaster.prefab using Guid(b6362f50ca5d7b145ba56bc6c23080ee) Importer(815301076,1909f56bfc062723c751e8b465ee728b)  -> (artifact id: '1bf94a88d137ba81d20d62b7ddcb4acf') in 0.046447 seconds 
  Import took 0.054855 seconds .

========================================================================
Received Import Request.
  Time since last request: 72.869403 seconds.
  path: Assets/HiRezSpaceshipsCreatorFree/Prefabs/ExamplesNoInterior
  artifactKey: Guid(d68cc863fc562a049a4eed095f78824b) Importer(815301076,1909f56bfc062723c751e8b465ee728b)
Start importing Assets/HiRezSpaceshipsCreatorFree/Prefabs/ExamplesNoInterior using Guid(d68cc863fc562a049a4eed095f78824b) Importer(815301076,1909f56bfc062723c751e8b465ee728b)  -> (artifact id: '7d96048dc03e3df3445d2c3482b3c99d') in 0.036363 seconds 
  Import took 0.050461 seconds .

========================================================================
Received Import Request.
  Time since last request: 0.132830 seconds.
  path: Assets/HiRezSpaceshipsCreatorFree/Prefabs/ExamplesNoInterior/Example1NoInterior_Grey.prefab
  artifactKey: Guid(f18b0c4cd901e7b44a1ad0fc0c36e4e2) Importer(815301076,1909f56bfc062723c751e8b465ee728b)
Start importing Assets/HiRezSpaceshipsCreatorFree/Prefabs/ExamplesNoInterior/Example1NoInterior_Grey.prefab using Guid(f18b0c4cd901e7b44a1ad0fc0c36e4e2) Importer(815301076,1909f56bfc062723c751e8b465ee728b)  -> (artifact id: 'ab9753c0eb43cf4516428a7a5cc3d028') in 0.408636 seconds 
  Import took 0.452770 seconds .

========================================================================
Received Import Request.
  Time since last request: 0.000906 seconds.
  path: Assets/HiRezSpaceshipsCreatorFree/Prefabs/ExamplesNoInterior/Example2NoInterior_Grey.prefab
  artifactKey: Guid(2dd421233b21bfb47aac86017eaa5283) Importer(815301076,1909f56bfc062723c751e8b465ee728b)
Start importing Assets/HiRezSpaceshipsCreatorFree/Prefabs/ExamplesNoInterior/Example2NoInterior_Grey.prefab using Guid(2dd421233b21bfb47aac86017eaa5283) Importer(815301076,1909f56bfc062723c751e8b465ee728b)  -> (artifact id: '872597b75e0f3acb46927fa808f55794') in 0.354141 seconds 
  Import took 0.400616 seconds .

========================================================================
Received Import Request.
  Time since last request: 0.000816 seconds.
  path: Assets/HiRezSpaceshipsCreatorFree/Prefabs/ExamplesNoInterior/Example4NoInterior_Grey.prefab
  artifactKey: Guid(8d4e19a2324d72249a81ab7bcfad91a5) Importer(815301076,1909f56bfc062723c751e8b465ee728b)
Start importing Assets/HiRezSpaceshipsCreatorFree/Prefabs/ExamplesNoInterior/Example4NoInterior_Grey.prefab using Guid(8d4e19a2324d72249a81ab7bcfad91a5) Importer(815301076,1909f56bfc062723c751e8b465ee728b)  -> (artifact id: '9f07473fb42b5b8ccec1db55847d6b19') in 0.326336 seconds 
  Import took 0.370223 seconds .

========================================================================
Received Import Request.
  Time since last request: 0.000840 seconds.
  path: Assets/HiRezSpaceshipsCreatorFree/Prefabs/ExamplesNoInterior/Example5_NoInteriorGrey.prefab
  artifactKey: Guid(6a085dcfc21e36f43b07862e9a4c35fd) Importer(815301076,1909f56bfc062723c751e8b465ee728b)
Start importing Assets/HiRezSpaceshipsCreatorFree/Prefabs/ExamplesNoInterior/Example5_NoInteriorGrey.prefab using Guid(6a085dcfc21e36f43b07862e9a4c35fd) Importer(815301076,1909f56bfc062723c751e8b465ee728b)  -> (artifact id: '2bcebf7d6a0dcad3a3ae1afc9d94eea8') in 0.242726 seconds 
  Import took 0.283137 seconds .

========================================================================
Received Import Request.
  Time since last request: 0.000866 seconds.
  path: Assets/HiRezSpaceshipsCreatorFree/Prefabs/ExamplesNoInterior/Example3NoInterior_Red.prefab
  artifactKey: Guid(90d5c4eeecf7d3c41977a39408c2fe00) Importer(815301076,1909f56bfc062723c751e8b465ee728b)
Start importing Assets/HiRezSpaceshipsCreatorFree/Prefabs/ExamplesNoInterior/Example3NoInterior_Red.prefab using Guid(90d5c4eeecf7d3c41977a39408c2fe00) Importer(815301076,1909f56bfc062723c751e8b465ee728b)  -> (artifact id: '5ed4cd7891674a6eb5c726e4f78da27d') in 0.194888 seconds 
  Import took 0.221954 seconds .

========================================================================
Received Import Request.
  Time since last request: 0.000535 seconds.
  path: Assets/HiRezSpaceshipsCreatorFree/Prefabs/ExamplesNoInterior/Example1NoInterior_Red.prefab
  artifactKey: Guid(8b9e8529f42020f4dacf64553cb2203d) Importer(815301076,1909f56bfc062723c751e8b465ee728b)
Start importing Assets/HiRezSpaceshipsCreatorFree/Prefabs/ExamplesNoInterior/Example1NoInterior_Red.prefab using Guid(8b9e8529f42020f4dacf64553cb2203d) Importer(815301076,1909f56bfc062723c751e8b465ee728b)  -> (artifact id: 'b2f4f5b6ce20f27da320230033df9271') in 0.218019 seconds 
  Import took 0.261163 seconds .

AssetImportWorkerClient::OnTransportError - code=2 error=End of file
